<?xml version="1.0" encoding="UTF-8"?>
<!-- Generated by org.testng.reporters.JUnitReportReporter -->
<testsuite name="com.qmetry.qaf.example.test.SampleTest" tests="1" time="6.918" ignored="0" failures="0" timestamp="06 Sep 2018 05:57:36 GMT" skipped="0" hostname="ICPL13029" errors="0">
  <testcase name="testGoogleSearch" time="6.918" classname="com.qmetry.qaf.example.test.SampleTest"/>
</testsuite> <!-- com.qmetry.qaf.example.test.SampleTest -->
