<?xml version="1.0" encoding="UTF-8"?>
<!-- Generated by org.testng.reporters.JUnitReportReporter -->
<testsuite name="com.qmetry.qaf.automation.step.client.Scenario" tests="1" time="8.329" ignored="0" failures="0" timestamp="06 Sep 2018 05:57:36 GMT" skipped="0" hostname="ICPL13029" errors="0">
  <testcase name="SampleTest" time="8.329" classname="com.qmetry.qaf.automation.step.client.Scenario"/>
</testsuite> <!-- com.qmetry.qaf.automation.step.client.Scenario -->
