<?xml version="1.0" encoding="UTF-8"?>
<!-- Generated by org.testng.reporters.JUnitReportReporter -->
<testsuite name="com.qmetry.qaf.automation.step.client.Scenario" tests="1" time="56.391" ignored="0" failures="0" timestamp="10 Jul 2018 09:55:40 GMT" skipped="0" hostname="ICPL10378" errors="0">
  <testcase name="Amazon Shopping Demo" time="56.391" classname="com.qmetry.qaf.automation.step.client.Scenario"/>
</testsuite> <!-- com.qmetry.qaf.automation.step.client.Scenario -->
